<?xml version="1.0" encoding="UTF-8"?>
<!-- Generated by org.testng.reporters.JUnitXMLReporter -->
<testsuite ignored="0" hostname="VIJAY" failures="0" tests="3" name="Test Assignment001" time="6.405" errors="0" timestamp="2023-11-12T18:30:57 IST">
  <testcase classname="courseEndProject.Assignment001" name="assignment001Post" time="3.296"/>
  <testcase classname="courseEndProject.Assignment001" name="assignment001Get" time="1.56"/>
  <testcase classname="courseEndProject.Assignment001" name="assignment001Delete" time="1.497"/>
</testsuite> <!-- Test Assignment001 -->
