<?xml version="1.0" encoding="UTF-8"?>
<testng-results ignored="0" total="2" passed="2" failed="0" skipped="0">
  <reporter-output>
  </reporter-output>
  <suite started-at="2023-11-12T18:31:58 IST" name="Default suite" finished-at="2023-11-12T18:32:03 IST" duration-ms="5138">
    <groups>
    </groups>
    <test started-at="2023-11-12T18:31:58 IST" name="Default test" finished-at="2023-11-12T18:32:03 IST" duration-ms="5138">
      <class name="courseEndProject.Assignment002">
        <test-method signature="assignment002Post()[pri:49, instance:courseEndProject.Assignment002@24d4d7c9]" started-at="2023-11-12T18:31:58 IST" name="assignment002Post" finished-at="2023-11-12T18:32:01 IST" duration-ms="3488" status="PASS">
          <reporter-output>
          </reporter-output>
        </test-method> <!-- assignment002Post -->
        <test-method signature="assignment002Put()[pri:50, instance:courseEndProject.Assignment002@24d4d7c9]" started-at="2023-11-12T18:32:01 IST" name="assignment002Put" finished-at="2023-11-12T18:32:03 IST" depends-on-methods="courseEndProject.Assignment002.assignment002Post" duration-ms="1593" status="PASS">
          <reporter-output>
          </reporter-output>
        </test-method> <!-- assignment002Put -->
      </class> <!-- courseEndProject.Assignment002 -->
    </test> <!-- Default test -->
  </suite> <!-- Default suite -->
</testng-results>
